<?xml version="1.0" encoding="UTF-8"?>
<!-- Generated by org.testng.reporters.JUnitReportReporter -->
<testsuite hostname="MYSHEC335333L" failures="0" tests="3" name="assignment6.stepDefination6" time="4.680" errors="0" timestamp="2020-12-07T18:41:12 IST" skipped="0">
  <testcase classname="assignment6.stepDefination6" name="posted_with_future_date_information" time="2.514"/>
  <system-out/>
  <testcase classname="assignment6.stepDefination6" name="validate_positive_response_code_received" time="1.464"/>
  <system-out/>
  <testcase classname="assignment6.stepDefination6" name="api_for_foreign_exchange" time="0.702"/>
  <system-out/>
</testsuite> <!-- assignment6.stepDefination6 -->
