<?xml version="1.0" encoding="UTF-8"?>
<!-- Generated by org.testng.reporters.JUnitReportReporter -->
<testsuite hostname="MYSHEC335333L" failures="0" tests="3" name="assignment7.stepDefination7" time="3.515" errors="0" timestamp="2020-12-07T18:42:51 IST" skipped="0">
  <testcase classname="assignment7.stepDefination7" name="posted_with_future_date_information" time="2.710"/>
  <system-out/>
  <testcase classname="assignment7.stepDefination7" name="validate_positive_response_code_received" time="0.006"/>
  <system-out/>
  <testcase classname="assignment7.stepDefination7" name="api_for_foreign_exchange" time="0.799"/>
  <system-out/>
</testsuite> <!-- assignment7.stepDefination7 -->
