<?xml version="1.0" encoding="UTF-8"?>
<!-- Generated by org.testng.reporters.JUnitReportReporter -->
<testsuite hostname="MYSHEC335333L" failures="0" tests="3" name="assignment1.stepdefination1" time="4.482" errors="0" timestamp="2020-12-04T15:42:45 IST" skipped="0">
  <testcase classname="assignment1.stepdefination1" name="posted_with_correct_information" time="3.028"/>
  <system-out/>
  <testcase classname="assignment1.stepdefination1" name="validate_positive_response_code_received" time="0.166"/>
  <system-out/>
  <testcase classname="assignment1.stepdefination1" name="api_for_foreign_exchange" time="1.288"/>
  <system-out/>
</testsuite> <!-- assignment1.stepdefination1 -->
