<?xml version="1.0" encoding="UTF-8"?>
<!-- Generated by org.testng.reporters.JUnitReportReporter -->
<testsuite hostname="MYSHEC335333L" failures="0" tests="1" name="assignment5.stepdefination5" time="1.299" errors="0" timestamp="2020-12-07T17:24:16 IST" skipped="0">
  <testcase classname="assignment5.stepdefination5" name="api_for_foreign_exchange" time="1.299"/>
  <system-out/>
</testsuite> <!-- assignment5.stepdefination5 -->
