<?xml version="1.0" encoding="UTF-8"?>
<!-- Generated by org.testng.reporters.JUnitReportReporter -->
<testsuite hostname="MYSHEC335333L" failures="0" tests="3" name="assignment1.stepdefination1" time="5.077" errors="0" timestamp="2020-12-04T10:43:04 IST" skipped="0">
  <testcase classname="assignment1.stepdefination1" name="posted_with_correct_information" time="3.727"/>
  <system-out/>
  <testcase classname="assignment1.stepdefination1" name="validate_positive_response_code_received" time="0.123"/>
  <system-out/>
  <testcase classname="assignment1.stepdefination1" name="api_for_foreign_exchange" time="1.227"/>
  <system-out/>
</testsuite> <!-- assignment1.stepdefination1 -->
