<?xml version="1.0" encoding="UTF-8"?>
<!-- Generated by org.testng.reporters.JUnitReportReporter -->
<testsuite hostname="MYSHEC335333L" failures="0" tests="3" name="assignment2.stepdefination2" time="6.245" errors="0" timestamp="2020-12-04T16:22:48 IST" skipped="0">
  <testcase classname="assignment2.stepdefination2" name="validate_positive_response_code_received" time="1.296"/>
  <system-out/>
  <testcase classname="assignment2.stepdefination2" name="posted_with_correct_information" time="3.748"/>
  <system-out/>
  <testcase classname="assignment2.stepdefination2" name="api_for_foreign_exchange" time="1.201"/>
  <system-out/>
</testsuite> <!-- assignment2.stepdefination2 -->
