<?xml version="1.0" encoding="UTF-8"?>
<!-- Generated by org.testng.reporters.JUnitReportReporter -->
<testsuite hostname="MYSHEC335333L" failures="0" tests="4" name="assignment8.stepDefination8" time="2.828" errors="0" timestamp="2020-12-07T19:36:46 IST" skipped="0">
  <testcase classname="assignment8.stepDefination8" name="api_for_foreign_exchange" time="0.724"/>
  <system-out/>
  <testcase classname="assignment8.stepDefination8" name="validate_positive_response_code_received" time="0.004"/>
  <system-out/>
  <testcase classname="assignment8.stepDefination8" name="posted_with_future_date_information" time="1.720"/>
  <system-out/>
  <testcase classname="assignment8.stepDefination8" name="posted_with_future_date_information" time="0.380"/>
  <system-out/>
</testsuite> <!-- assignment8.stepDefination8 -->
